android/app/build/intermediates/manifest_merge_blame_file/release/processReleaseMainManifest/manifest-merger-blame-release-report.txt
1<?xml version="1.0" encoding="utf-8"?>
2<manifest xmlns:android="http://schemas.android.com/apk/res/android"
3    package="com.abierto.app"
4    android:versionCode="4"
5    android:versionName="1.0.7" >
6
7    <uses-sdk
8        android:minSdkVersion="24"
9        android:targetSdkVersion="35" />
10
11    <!-- Permissions -->
12    <uses-permission android:name="android.permission.INTERNET" />
12-->src/main/AndroidManifest.xml:6:5-67
12-->src/main/AndroidManifest.xml:6:22-64
13    <uses-permission android:name="android.permission.ACCESS_FINE_LOCATION" />
13-->src/main/AndroidManifest.xml:7:5-79
13-->src/main/AndroidManifest.xml:7:22-76
14    <uses-permission android:name="android.permission.ACCESS_COARSE_LOCATION" />
14-->src/main/AndroidManifest.xml:8:5-81
14-->src/main/AndroidManifest.xml:8:22-78
15
16    <permission
16-->[androidx.core:core:1.9.0] AndroidManifest.xml:22:5-24:47
17        android:name="com.abierto.app.DYNAMIC_RECEIVER_NOT_EXPORTED_PERMISSION"
17-->[androidx.core:core:1.9.0] AndroidManifest.xml:23:9-81
18        android:protectionLevel="signature" />
18-->[androidx.core:core:1.9.0] AndroidManifest.xml:24:9-44
19
20    <uses-permission android:name="com.abierto.app.DYNAMIC_RECEIVER_NOT_EXPORTED_PERMISSION" />
20-->[androidx.core:core:1.9.0] AndroidManifest.xml:26:5-97
20-->[androidx.core:core:1.9.0] AndroidManifest.xml:26:22-94
21
22    <application
22-->src/main/AndroidManifest.xml:10:5-60:19
23        android:allowBackup="true"
23-->src/main/AndroidManifest.xml:11:9-35
24        android:appComponentFactory="androidx.core.app.CoreComponentFactory"
24-->[androidx.core:core:1.9.0] AndroidManifest.xml:28:18-86
25        android:extractNativeLibs="false"
26        android:icon="@mipmap/ic_launcher"
26-->src/main/AndroidManifest.xml:12:9-43
27        android:label="@string/app_name"
27-->src/main/AndroidManifest.xml:13:9-41
28        android:supportsRtl="true"
28-->src/main/AndroidManifest.xml:14:9-35
29        android:theme="@style/Theme.AppCompat.Light.NoActionBar"
29-->src/main/AndroidManifest.xml:15:9-65
30        android:usesCleartextTraffic="false" >
30-->src/main/AndroidManifest.xml:16:9-45
31
32        <!-- Main TWA Activity -->
33        <activity
33-->src/main/AndroidManifest.xml:20:9-42:20
34            android:name="com.abierto.app.MainActivity"
34-->src/main/AndroidManifest.xml:21:13-56
35            android:exported="true"
35-->src/main/AndroidManifest.xml:22:13-36
36            android:launchMode="singleTask"
36-->src/main/AndroidManifest.xml:23:13-44
37            android:theme="@style/Theme.AppCompat.Light.NoActionBar" >
37-->src/main/AndroidManifest.xml:24:13-69
38            <intent-filter android:autoVerify="true" >
38-->src/main/AndroidManifest.xml:26:13-34:29
38-->src/main/AndroidManifest.xml:26:28-53
39                <action android:name="android.intent.action.VIEW" />
39-->src/main/AndroidManifest.xml:27:17-69
39-->src/main/AndroidManifest.xml:27:25-66
40
41                <category android:name="android.intent.category.DEFAULT" />
41-->src/main/AndroidManifest.xml:28:17-76
41-->src/main/AndroidManifest.xml:28:27-73
42                <category android:name="android.intent.category.BROWSABLE" />
42-->src/main/AndroidManifest.xml:29:17-78
42-->src/main/AndroidManifest.xml:29:27-75
43
44                <data
44-->src/main/AndroidManifest.xml:30:17-33:46
45                    android:host="abierto.app"
45-->src/main/AndroidManifest.xml:32:21-47
46                    android:pathPrefix="/"
46-->src/main/AndroidManifest.xml:33:21-43
47                    android:scheme="https" />
47-->src/main/AndroidManifest.xml:31:21-43
48            </intent-filter>
49
50            <!-- Fallback for deep links -->
51            <intent-filter>
51-->src/main/AndroidManifest.xml:37:13-40:29
52                <action android:name="android.intent.action.MAIN" />
52-->src/main/AndroidManifest.xml:38:17-69
52-->src/main/AndroidManifest.xml:38:25-66
53
54                <category android:name="android.intent.category.LAUNCHER" />
54-->src/main/AndroidManifest.xml:39:17-77
54-->src/main/AndroidManifest.xml:39:27-74
55            </intent-filter>
56        </activity>
57
58        <!-- Asset links provider (for TWA trust verification) -->
59        <activity
59-->src/main/AndroidManifest.xml:45:9-58:20
60            android:name="com.abierto.app.AssetLinksActivity"
60-->src/main/AndroidManifest.xml:46:13-62
61            android:exported="true"
61-->src/main/AndroidManifest.xml:47:13-36
62            android:noHistory="true" >
62-->src/main/AndroidManifest.xml:48:13-37
63            <intent-filter android:autoVerify="true" >
63-->src/main/AndroidManifest.xml:49:13-57:29
63-->src/main/AndroidManifest.xml:49:28-53
64                <action android:name="android.intent.action.VIEW" />
64-->src/main/AndroidManifest.xml:27:17-69
64-->src/main/AndroidManifest.xml:27:25-66
65
66                <category android:name="android.intent.category.DEFAULT" />
66-->src/main/AndroidManifest.xml:28:17-76
66-->src/main/AndroidManifest.xml:28:27-73
67                <category android:name="android.intent.category.BROWSABLE" />
67-->src/main/AndroidManifest.xml:29:17-78
67-->src/main/AndroidManifest.xml:29:27-75
68
69                <data
69-->src/main/AndroidManifest.xml:30:17-33:46
70                    android:host="abierto.app"
70-->src/main/AndroidManifest.xml:32:21-47
71                    android:pathPrefix="/.well-known/assetlinks.json"
71-->src/main/AndroidManifest.xml:33:21-43
72                    android:scheme="https" />
72-->src/main/AndroidManifest.xml:31:21-43
73            </intent-filter>
74        </activity>
75
76        <meta-data
76-->[com.google.android.gms:play-services-basement:18.4.0] AndroidManifest.xml:6:9-122
77            android:name="com.google.android.gms.version"
77-->[com.google.android.gms:play-services-basement:18.4.0] AndroidManifest.xml:6:20-65
78            android:value="@integer/google_play_services_version" />
78-->[com.google.android.gms:play-services-basement:18.4.0] AndroidManifest.xml:6:66-119
79
80        <provider
80-->[androidx.emoji2:emoji2:1.2.0] AndroidManifest.xml:24:9-32:20
81            android:name="androidx.startup.InitializationProvider"
81-->[androidx.emoji2:emoji2:1.2.0] AndroidManifest.xml:25:13-67
82            android:authorities="com.abierto.app.androidx-startup"
82-->[androidx.emoji2:emoji2:1.2.0] AndroidManifest.xml:26:13-68
83            android:exported="false" >
83-->[androidx.emoji2:emoji2:1.2.0] AndroidManifest.xml:27:13-37
84            <meta-data
84-->[androidx.emoji2:emoji2:1.2.0] AndroidManifest.xml:29:13-31:52
85                android:name="androidx.emoji2.text.EmojiCompatInitializer"
85-->[androidx.emoji2:emoji2:1.2.0] AndroidManifest.xml:30:17-75
86                android:value="androidx.startup" />
86-->[androidx.emoji2:emoji2:1.2.0] AndroidManifest.xml:31:17-49
87            <meta-data
87-->[androidx.lifecycle:lifecycle-process:2.4.1] AndroidManifest.xml:31:13-33:52
88                android:name="androidx.lifecycle.ProcessLifecycleInitializer"
88-->[androidx.lifecycle:lifecycle-process:2.4.1] AndroidManifest.xml:32:17-78
89                android:value="androidx.startup" />
89-->[androidx.lifecycle:lifecycle-process:2.4.1] AndroidManifest.xml:33:17-49
90        </provider> <!-- The activities will be merged into the manifest of the hosting app. -->
91        <activity
91-->[com.google.android.play:core-common:2.0.4] AndroidManifest.xml:14:9-18:65
92            android:name="com.google.android.play.core.common.PlayCoreDialogWrapperActivity"
92-->[com.google.android.play:core-common:2.0.4] AndroidManifest.xml:15:13-93
93            android:exported="false"
93-->[com.google.android.play:core-common:2.0.4] AndroidManifest.xml:16:13-37
94            android:stateNotNeeded="true"
94-->[com.google.android.play:core-common:2.0.4] AndroidManifest.xml:17:13-42
95            android:theme="@style/Theme.PlayCore.Transparent" />
95-->[com.google.android.play:core-common:2.0.4] AndroidManifest.xml:18:13-62
96    </application>
97
98</manifest>